Using pre-set license
Built from '2020.3/release' branch; Version is '2020.3.31f1 (6b54b7616050) revision 7034039'; Using compiler version '192528614'; Build Type 'Release'
OS: 'Windows 11  (10.0.22000) 64bit Professional' Language: 'pt' Physical Memory: 6092 MB
BatchMode: 1, IsHumanControllingUs: 0, StartBugReporterOnCrash: 0, Is64bit: 1, IsPro: 0

COMMAND LINE ARGUMENTS:
D:\2020.3.31f1\Editor\Unity.exe
-adb2
-batchMode
-noUpm
-name
AssetImportWorker0
-projectPath
C:/Users/junio/OneDrive/Área de Trabalho/Jogo 1 oficial
-logFile
Logs/AssetImportWorker0.log
-srvPort
54637
Successfully changed project path to: C:/Users/junio/OneDrive/Área de Trabalho/Jogo 1 oficial
C:/Users/junio/OneDrive/Área de Trabalho/Jogo 1 oficial
Using Asset Import Pipeline V2.
Refreshing native plugins compatible for Editor in 72.48 ms, found 2 plugins.
Preloading 0 native plugins for Editor in 0.00 ms.
Initialize engine version: 2020.3.31f1 (6b54b7616050)
[Subsystems] Discovering subsystems at path D:/2020.3.31f1/Editor/Data/Resources/UnitySubsystems
[Subsystems] Discovering subsystems at path C:/Users/junio/OneDrive/Área de Trabalho/Jogo 1 oficial/Assets
GfxDevice: creating device client; threaded=0
Direct3D:
    Version:  Direct3D 11.0 [level 11.1]
    Renderer: AMD Radeon(TM) Vega 8 Graphics (ID=0x15d8)
    Vendor:   
    VRAM:     3046 MB
    Driver:   30.0.13023.4001
Initialize mono
Mono path[0] = 'D:/2020.3.31f1/Editor/Data/Managed'
Mono path[1] = 'D:/2020.3.31f1/Editor/Data/MonoBleedingEdge/lib/mono/unityjit'
Mono config path = 'D:/2020.3.31f1/Editor/Data/MonoBleedingEdge/etc'
Using monoOptions --debugger-agent=transport=dt_socket,embedding=1,server=y,suspend=n,address=127.0.0.1:56148
Begin MonoManager ReloadAssembly
Registering precompiled unity dll's ...
Register platform support module: D:/2020.3.31f1/Editor/Data/PlaybackEngines/WindowsStandaloneSupport/UnityEditor.WindowsStandalone.Extensions.dll
Registered in 0.018655 seconds.
Native extension for WindowsStandalone target not found
Refreshing native plugins compatible for Editor in 68.42 ms, found 2 plugins.
Preloading 0 native plugins for Editor in 0.00 ms.
Mono: successfully reloaded assembly
- Completed reload, in  1.239 seconds
Domain Reload Profiling:
	ReloadAssembly (1239ms)
		BeginReloadAssembly (546ms)
			ExecutionOrderSort (0ms)
			DisableScriptedObjects (0ms)
			BackupInstance (0ms)
			ReleaseScriptingObjects (0ms)
			CreateAndSetChildDomain (1ms)
		EndReloadAssembly (594ms)
			LoadAssemblies (552ms)
			RebuildTransferFunctionScriptingTraits (0ms)
			SetupTypeCache (186ms)
			ReleaseScriptCaches (0ms)
			RebuildScriptCaches (34ms)
			SetupLoadedEditorAssemblies (233ms)
				LogAssemblyErrors (0ms)
				InitializePlatformSupportModulesInManaged (5ms)
				SetLoadedEditorAssemblies (0ms)
				RefreshPlugins (69ms)
				BeforeProcessingInitializeOnLoad (18ms)
				ProcessInitializeOnLoadAttributes (104ms)
				ProcessInitializeOnLoadMethodAttributes (37ms)
				AfterProcessingInitializeOnLoad (0ms)
				EditorAssembliesLoaded (0ms)
			ExecutionOrderSort2 (0ms)
			AwakeInstancesAfterBackupRestoration (0ms)
Platform modules already initialized, skipping
Registering precompiled user dll's ...
Registered in 0.014804 seconds.
Begin MonoManager ReloadAssembly
Native extension for WindowsStandalone target not found
Refreshing native plugins compatible for Editor in 0.58 ms, found 2 plugins.
Preloading 0 native plugins for Editor in 0.00 ms.
Mono: successfully reloaded assembly
- Completed reload, in  1.670 seconds
Domain Reload Profiling:
	ReloadAssembly (1671ms)
		BeginReloadAssembly (187ms)
			ExecutionOrderSort (0ms)
			DisableScriptedObjects (5ms)
			BackupInstance (0ms)
			ReleaseScriptingObjects (0ms)
			CreateAndSetChildDomain (22ms)
		EndReloadAssembly (1416ms)
			LoadAssemblies (178ms)
			RebuildTransferFunctionScriptingTraits (0ms)
			SetupTypeCache (337ms)
			ReleaseScriptCaches (1ms)
			RebuildScriptCaches (63ms)
			SetupLoadedEditorAssemblies (727ms)
				LogAssemblyErrors (0ms)
				InitializePlatformSupportModulesInManaged (4ms)
				SetLoadedEditorAssemblies (1ms)
				RefreshPlugins (1ms)
				BeforeProcessingInitializeOnLoad (111ms)
				ProcessInitializeOnLoadAttributes (555ms)
				ProcessInitializeOnLoadMethodAttributes (50ms)
				AfterProcessingInitializeOnLoad (4ms)
				EditorAssembliesLoaded (0ms)
			ExecutionOrderSort2 (0ms)
			AwakeInstancesAfterBackupRestoration (8ms)
Platform modules already initialized, skipping
========================================================================
Worker process is ready to serve import requests
Launched and connected shader compiler UnityShaderCompiler.exe after 0.17 seconds
Refreshing native plugins compatible for Editor in 0.57 ms, found 2 plugins.
Preloading 0 native plugins for Editor in 0.00 ms.
Unloading 1687 Unused Serialized files (Serialized files now loaded: 0)
System memory in use before: 79.4 MB.
System memory in use after: 79.5 MB.

Unloading 16 unused Assets to reduce memory usage. Loaded Objects now: 2151.
Total: 4.289300 ms (FindLiveObjects: 0.180100 ms CreateObjectMapping: 0.050600 ms MarkObjects: 4.016300 ms  DeleteObjects: 0.040400 ms)

AssetImportParameters requested are different than current active one (requested -> active):
  custom:framework-win-MediaFoundation: 216162199b28c13a410421893ffa2e32 -> 
  custom:video-decoder-ogg-theora: a1e56fd34408186e4bbccfd4996cb3dc -> 
  custom:container-muxer-webm: aa71ff27fc2769a1b78a27578f13a17b -> 
  custom:container-demuxer-webm: 4f35f7cbe854078d1ac9338744f61a02 -> 
  custom:container-demuxer-ogg: 62fdf1f143b41e24485cea50d1cbac27 -> 
  custom:video-encoder-webm-vp8: eb34c28f22e8b96e1ab97ce403110664 -> 
  custom:video-decoder-webm-vp8: 9c59270c3fd7afecdb556c50c9e8de78 -> 
  custom:audio-decoder-ogg-vorbis: bf7c407c2cedff20999df2af8eb42d56 -> 
  custom:audio-encoder-webm-vorbis: bf7c407c2cedff20999df2af8eb42d56 -> 
========================================================================
Received Import Request.
  path: Assets/Manoeuvre FPS + uzAI - MEGA PACK/FPS Weapons Pack/0 Arms/Arms.prefab
  artifactKey: Guid(828c1072bd03ce94387e9ccdf0390ef3) Importer(815301076,1909f56bfc062723c751e8b465ee728b)
Start importing Assets/Manoeuvre FPS + uzAI - MEGA PACK/FPS Weapons Pack/0 Arms/Arms.prefab using Guid(828c1072bd03ce94387e9ccdf0390ef3) Importer(815301076,1909f56bfc062723c751e8b465ee728b)  -> (artifact id: '9c11e281f02af4bfa1ae109ae03474e6') in 0.390738 seconds 
========================================================================
Received Import Request.
  Time since last request: 0.000620 seconds.
  path: Assets/Manoeuvre FPS + uzAI - MEGA PACK/FPS Weapons Pack
  artifactKey: Guid(2bad42a5ea35e784f9f67b42188c2a65) Importer(815301076,1909f56bfc062723c751e8b465ee728b)
Start importing Assets/Manoeuvre FPS + uzAI - MEGA PACK/FPS Weapons Pack using Guid(2bad42a5ea35e784f9f67b42188c2a65) Importer(815301076,1909f56bfc062723c751e8b465ee728b)  -> (artifact id: '0b82942603ac287a982b8d04e0f4c92f') in 0.010318 seconds 
========================================================================
Received Import Request.
  Time since last request: 0.000274 seconds.
  path: Assets/Manoeuvre FPS + uzAI - MEGA PACK/FPS Weapons Pack/0 Arms
  artifactKey: Guid(25391338aa72848459e962b0318c4ba7) Importer(815301076,1909f56bfc062723c751e8b465ee728b)
Start importing Assets/Manoeuvre FPS + uzAI - MEGA PACK/FPS Weapons Pack/0 Arms using Guid(25391338aa72848459e962b0318c4ba7) Importer(815301076,1909f56bfc062723c751e8b465ee728b)  -> (artifact id: 'a8910cbf5603c004f0e1d14594d0aa15') in 0.008571 seconds 
========================================================================
Received Import Request.
  Time since last request: 8.418011 seconds.
  path: Assets/Manoeuvre FPS + uzAI - MEGA PACK/Manoeuvre FPS Controller/Main Menu/Prefabs/AttributePrefab.prefab
  artifactKey: Guid(437dc605fad276f4d957e7fd095dd5bd) Importer(815301076,1909f56bfc062723c751e8b465ee728b)
Start importing Assets/Manoeuvre FPS + uzAI - MEGA PACK/Manoeuvre FPS Controller/Main Menu/Prefabs/AttributePrefab.prefab using Guid(437dc605fad276f4d957e7fd095dd5bd) Importer(815301076,1909f56bfc062723c751e8b465ee728b)  -> (artifact id: '1f2a21e3da0f59040fb4fc6d51097d89') in 0.050282 seconds 
========================================================================
Received Import Request.
  Time since last request: 0.000204 seconds.
  path: Assets/Manoeuvre FPS + uzAI - MEGA PACK/Manoeuvre FPS Controller/Main Menu/Prefabs/SceneObject.prefab
  artifactKey: Guid(b38feddab41ac1741a6f53a4364f8206) Importer(815301076,1909f56bfc062723c751e8b465ee728b)
Start importing Assets/Manoeuvre FPS + uzAI - MEGA PACK/Manoeuvre FPS Controller/Main Menu/Prefabs/SceneObject.prefab using Guid(b38feddab41ac1741a6f53a4364f8206) Importer(815301076,1909f56bfc062723c751e8b465ee728b)  -> (artifact id: '7d03cb47f5356b7674c117d80f50d7d9') in 0.023480 seconds 
========================================================================
Received Import Request.
  Time since last request: 1.830452 seconds.
  path: Assets/Manoeuvre FPS + uzAI - MEGA PACK/FPS Weapons Pack/5 Machete/Mesh
  artifactKey: Guid(ebf8e56582fd00b4a879bd101e2084e0) Importer(815301076,1909f56bfc062723c751e8b465ee728b)
Start importing Assets/Manoeuvre FPS + uzAI - MEGA PACK/FPS Weapons Pack/5 Machete/Mesh using Guid(ebf8e56582fd00b4a879bd101e2084e0) Importer(815301076,1909f56bfc062723c751e8b465ee728b)  -> (artifact id: '8b57c90815b5a8d3616d42f2bd5a1325') in 0.011680 seconds 
========================================================================
Received Import Request.
  Time since last request: 0.058353 seconds.
  path: Assets/Manoeuvre FPS + uzAI - MEGA PACK/FPS Weapons Pack/5 Machete/Mesh/Machete.obj
  artifactKey: Guid(eceee31b01ab8ca468efd6fb79890b06) Importer(815301076,1909f56bfc062723c751e8b465ee728b)
Start importing Assets/Manoeuvre FPS + uzAI - MEGA PACK/FPS Weapons Pack/5 Machete/Mesh/Machete.obj using Guid(eceee31b01ab8ca468efd6fb79890b06) Importer(815301076,1909f56bfc062723c751e8b465ee728b)  -> (artifact id: '2fb483d9ee1ee04998f274e5c6e68828') in 0.797846 seconds 
========================================================================
Received Import Request.
  Time since last request: 9.809450 seconds.
  path: Assets/Manoeuvre FPS + uzAI - MEGA PACK/Manoeuvre FPS Controller/Prefabs
  artifactKey: Guid(857419eca7757f144b09af503a44f524) Importer(815301076,1909f56bfc062723c751e8b465ee728b)
Start importing Assets/Manoeuvre FPS + uzAI - MEGA PACK/Manoeuvre FPS Controller/Prefabs using Guid(857419eca7757f144b09af503a44f524) Importer(815301076,1909f56bfc062723c751e8b465ee728b)  -> (artifact id: '04c9e06ee994dfff7d797985930a7dce') in 0.010428 seconds 
========================================================================
Received Import Request.
  Time since last request: 0.028922 seconds.
  path: Assets/Manoeuvre FPS + uzAI - MEGA PACK/Manoeuvre FPS Controller/Prefabs/Bullet Prefab.prefab
  artifactKey: Guid(233e7b9634f7116449e360bd4901bd1b) Importer(815301076,1909f56bfc062723c751e8b465ee728b)
Start importing Assets/Manoeuvre FPS + uzAI - MEGA PACK/Manoeuvre FPS Controller/Prefabs/Bullet Prefab.prefab using Guid(233e7b9634f7116449e360bd4901bd1b) Importer(815301076,1909f56bfc062723c751e8b465ee728b)  -> (artifact id: 'bf0939ad7ec2c45973626a6de6ea43de') in 0.143277 seconds 
========================================================================
Received Import Request.
  Time since last request: 0.000160 seconds.
  path: Assets/Manoeuvre FPS + uzAI - MEGA PACK/Manoeuvre FPS Controller/Prefabs/Gameplay UI.prefab
  artifactKey: Guid(3a78b651125a4884592ccb9fb3d08a38) Importer(815301076,1909f56bfc062723c751e8b465ee728b)
Start importing Assets/Manoeuvre FPS + uzAI - MEGA PACK/Manoeuvre FPS Controller/Prefabs/Gameplay UI.prefab using Guid(3a78b651125a4884592ccb9fb3d08a38) Importer(815301076,1909f56bfc062723c751e8b465ee728b)  -> (artifact id: 'a12ee0a1a756b2596f6752cb357f035f') in 0.026071 seconds 
========================================================================
Received Import Request.
  Time since last request: 0.454726 seconds.
  path: Assets/Manoeuvre FPS + uzAI - MEGA PACK/Manoeuvre FPS Controller/Prefabs/HealthbarCanvas.prefab
  artifactKey: Guid(559512ccd78ae3d479c661218e60e441) Importer(815301076,1909f56bfc062723c751e8b465ee728b)
Start importing Assets/Manoeuvre FPS + uzAI - MEGA PACK/Manoeuvre FPS Controller/Prefabs/HealthbarCanvas.prefab using Guid(559512ccd78ae3d479c661218e60e441) Importer(815301076,1909f56bfc062723c751e8b465ee728b)  -> (artifact id: '71c7207d9dd21c687624bf7a62133024') in 0.020478 seconds 
========================================================================
Received Import Request.
  Time since last request: 0.119938 seconds.
  path: Assets/Manoeuvre FPS + uzAI - MEGA PACK/Manoeuvre FPS Controller/Prefabs/Manoeuvre FPS Rig with Animated Weapons.prefab
  artifactKey: Guid(000cc2ba968e75c4a818af139ab3b190) Importer(815301076,1909f56bfc062723c751e8b465ee728b)
Start importing Assets/Manoeuvre FPS + uzAI - MEGA PACK/Manoeuvre FPS Controller/Prefabs/Manoeuvre FPS Rig with Animated Weapons.prefab using Guid(000cc2ba968e75c4a818af139ab3b190) Importer(815301076,1909f56bfc062723c751e8b465ee728b)  -> (artifact id: '3182e74e22ff167d056bd4daef075fa2') in 0.264552 seconds 
========================================================================
Received Import Request.
  Time since last request: 0.367248 seconds.
  path: Assets/Manoeuvre FPS + uzAI - MEGA PACK/Manoeuvre FPS Controller/Prefabs/Manoeuvre FPS Rig With Weapons.prefab
  artifactKey: Guid(3c58f34d67459d04eaa51b5a3d54616a) Importer(815301076,1909f56bfc062723c751e8b465ee728b)
Start importing Assets/Manoeuvre FPS + uzAI - MEGA PACK/Manoeuvre FPS Controller/Prefabs/Manoeuvre FPS Rig With Weapons.prefab using Guid(3c58f34d67459d04eaa51b5a3d54616a) Importer(815301076,1909f56bfc062723c751e8b465ee728b)  -> (artifact id: '236442f53ad040c093e8b2fd0c0063f8') in 0.030467 seconds 
========================================================================
Received Import Request.
  Time since last request: 10.018373 seconds.
  path: Assets/Manoeuvre FPS + uzAI - MEGA PACK/Standard Assets/Unity - Tower Defense Demo Content/Materials/Particles/explosion_Flame_2.mat
  artifactKey: Guid(f870bad7fe0264670a3e08374df02d4b) Importer(815301076,1909f56bfc062723c751e8b465ee728b)
Start importing Assets/Manoeuvre FPS + uzAI - MEGA PACK/Standard Assets/Unity - Tower Defense Demo Content/Materials/Particles/explosion_Flame_2.mat using Guid(f870bad7fe0264670a3e08374df02d4b) Importer(815301076,1909f56bfc062723c751e8b465ee728b)  -> (artifact id: '5ca0a657b4d6687c7b1738a66b0011b4') in 0.050119 seconds 
========================================================================
Received Import Request.
  Time since last request: 10.094041 seconds.
  path: Assets/Manoeuvre FPS + uzAI - MEGA PACK/Manoeuvre FPS Controller/Prefabs/MinimapIcon.prefab
  artifactKey: Guid(17ad0013174dad643b4d24b432b80bf0) Importer(815301076,1909f56bfc062723c751e8b465ee728b)
Start importing Assets/Manoeuvre FPS + uzAI - MEGA PACK/Manoeuvre FPS Controller/Prefabs/MinimapIcon.prefab using Guid(17ad0013174dad643b4d24b432b80bf0) Importer(815301076,1909f56bfc062723c751e8b465ee728b)  -> (artifact id: '11f4f2da34b1391e47d6e7dc2ca54dc8') in 0.019334 seconds 
========================================================================
Received Import Request.
  Time since last request: 0.608363 seconds.
  path: Assets/Manoeuvre FPS + uzAI - MEGA PACK/Manoeuvre FPS Controller/Prefabs/Mobile Controls Rig.prefab
  artifactKey: Guid(4e5ebb6f427122b40956dccc3672426a) Importer(815301076,1909f56bfc062723c751e8b465ee728b)
Start importing Assets/Manoeuvre FPS + uzAI - MEGA PACK/Manoeuvre FPS Controller/Prefabs/Mobile Controls Rig.prefab using Guid(4e5ebb6f427122b40956dccc3672426a) Importer(815301076,1909f56bfc062723c751e8b465ee728b)  -> (artifact id: '1cee3de8f5398bfe7021f86be63539d3') in 0.033754 seconds 
========================================================================
Received Import Request.
  Time since last request: 0.000182 seconds.
  path: Assets/Manoeuvre FPS + uzAI - MEGA PACK/Manoeuvre FPS Controller/Prefabs/MuzzleFlash.prefab
  artifactKey: Guid(a2f6e3f7ea8efea4199c704cf757b278) Importer(815301076,1909f56bfc062723c751e8b465ee728b)
Start importing Assets/Manoeuvre FPS + uzAI - MEGA PACK/Manoeuvre FPS Controller/Prefabs/MuzzleFlash.prefab using Guid(a2f6e3f7ea8efea4199c704cf757b278) Importer(815301076,1909f56bfc062723c751e8b465ee728b)  -> (artifact id: 'dedbb5d5da8ca8e552e626c15418980b') in 0.030143 seconds 
========================================================================
Received Import Request.
  Time since last request: 5.601395 seconds.
  path: Assets/Manoeuvre FPS + uzAI - MEGA PACK/Manoeuvre FPS Controller/Prefabs/MuzzleFlash_ShooterAI.prefab
  artifactKey: Guid(fa588da68cb421e428e3d5a69bef40a2) Importer(815301076,1909f56bfc062723c751e8b465ee728b)
Start importing Assets/Manoeuvre FPS + uzAI - MEGA PACK/Manoeuvre FPS Controller/Prefabs/MuzzleFlash_ShooterAI.prefab using Guid(fa588da68cb421e428e3d5a69bef40a2) Importer(815301076,1909f56bfc062723c751e8b465ee728b)  -> (artifact id: '6fe7a3acb63da6079ae76aca4565765b') in 0.018835 seconds 
========================================================================
Received Import Request.
  Time since last request: 0.000193 seconds.
  path: Assets/Manoeuvre FPS + uzAI - MEGA PACK/Manoeuvre FPS Controller/Prefabs/PickupTextPrefab.prefab
  artifactKey: Guid(34c445ab6c8b71d4c9d86f61e1d2a9ab) Importer(815301076,1909f56bfc062723c751e8b465ee728b)
Start importing Assets/Manoeuvre FPS + uzAI - MEGA PACK/Manoeuvre FPS Controller/Prefabs/PickupTextPrefab.prefab using Guid(34c445ab6c8b71d4c9d86f61e1d2a9ab) Importer(815301076,1909f56bfc062723c751e8b465ee728b)  -> (artifact id: '6900f88f82309882068b3eb55b7f61dc') in 0.013641 seconds 
========================================================================
Received Import Request.
  Time since last request: 0.100426 seconds.
  path: Assets/Manoeuvre FPS + uzAI - MEGA PACK/Manoeuvre FPS Controller/Prefabs/PowerupPickup.prefab
  artifactKey: Guid(d7483e0a29c1d46419f8cd385e20beca) Importer(815301076,1909f56bfc062723c751e8b465ee728b)
Start importing Assets/Manoeuvre FPS + uzAI - MEGA PACK/Manoeuvre FPS Controller/Prefabs/PowerupPickup.prefab using Guid(d7483e0a29c1d46419f8cd385e20beca) Importer(815301076,1909f56bfc062723c751e8b465ee728b)  -> (artifact id: 'bd478e9de6813251553a888c0aa1eeb6') in 0.163960 seconds 
========================================================================
Received Import Request.
  Time since last request: 0.000255 seconds.
  path: Assets/Manoeuvre FPS + uzAI - MEGA PACK/Manoeuvre FPS Controller/Prefabs/PowerupsHUDPrefab.prefab
  artifactKey: Guid(0ce012f669bfb71448fad66edcb8a855) Importer(815301076,1909f56bfc062723c751e8b465ee728b)
Start importing Assets/Manoeuvre FPS + uzAI - MEGA PACK/Manoeuvre FPS Controller/Prefabs/PowerupsHUDPrefab.prefab using Guid(0ce012f669bfb71448fad66edcb8a855) Importer(815301076,1909f56bfc062723c751e8b465ee728b)  -> (artifact id: '1afc78646a5a24d9cb0f056f9a11747f') in 0.014801 seconds 
========================================================================
Received Import Request.
  Time since last request: 2.413421 seconds.
  path: Assets/Manoeuvre FPS + uzAI - MEGA PACK/Manoeuvre FPS Controller/Prefabs/Projectile.prefab
  artifactKey: Guid(62e03d0b636f3924bad8b56a56605f65) Importer(815301076,1909f56bfc062723c751e8b465ee728b)
Start importing Assets/Manoeuvre FPS + uzAI - MEGA PACK/Manoeuvre FPS Controller/Prefabs/Projectile.prefab using Guid(62e03d0b636f3924bad8b56a56605f65) Importer(815301076,1909f56bfc062723c751e8b465ee728b)  -> (artifact id: 'a6d5d08f4cc1c9a6b17fd06636c74eff') in 0.402133 seconds 
========================================================================
Received Import Request.
  Time since last request: 0.345516 seconds.
  path: Assets/Manoeuvre FPS + uzAI - MEGA PACK/Manoeuvre FPS Controller/Prefabs/SaveTrigger.prefab
  artifactKey: Guid(240a03413341e2f4c88a3b70c5346686) Importer(815301076,1909f56bfc062723c751e8b465ee728b)
Start importing Assets/Manoeuvre FPS + uzAI - MEGA PACK/Manoeuvre FPS Controller/Prefabs/SaveTrigger.prefab using Guid(240a03413341e2f4c88a3b70c5346686) Importer(815301076,1909f56bfc062723c751e8b465ee728b)  -> (artifact id: '37a7c42fb814284a31e653792dd340f6') in 0.295502 seconds 
========================================================================
Received Import Request.
  Time since last request: 0.000224 seconds.
  path: Assets/Manoeuvre FPS + uzAI - MEGA PACK/Manoeuvre FPS Controller/Prefabs/SlotPrefab_Powerups.prefab
  artifactKey: Guid(9360cf6d38f45ad43a29f1ae7af40b68) Importer(815301076,1909f56bfc062723c751e8b465ee728b)
Start importing Assets/Manoeuvre FPS + uzAI - MEGA PACK/Manoeuvre FPS Controller/Prefabs/SlotPrefab_Powerups.prefab using Guid(9360cf6d38f45ad43a29f1ae7af40b68) Importer(815301076,1909f56bfc062723c751e8b465ee728b)  -> (artifact id: '28eb6ef4266b8f3837f9ed1a440e4652') in 0.014660 seconds 
========================================================================
Received Import Request.
  Time since last request: 4.424903 seconds.
  path: Assets/Manoeuvre FPS + uzAI - MEGA PACK/Manoeuvre FPS Controller/Prefabs/SlotPrefab_Throwables.prefab
  artifactKey: Guid(a077d1fd8072cf94082cf97e218cf54a) Importer(815301076,1909f56bfc062723c751e8b465ee728b)
Start importing Assets/Manoeuvre FPS + uzAI - MEGA PACK/Manoeuvre FPS Controller/Prefabs/SlotPrefab_Throwables.prefab using Guid(a077d1fd8072cf94082cf97e218cf54a) Importer(815301076,1909f56bfc062723c751e8b465ee728b)  -> (artifact id: 'e102b41231ff833da760263828471a02') in 0.010788 seconds 
========================================================================
Received Import Request.
  Time since last request: 9.362190 seconds.
  path: Assets/Manoeuvre FPS + uzAI - MEGA PACK/Manoeuvre FPS Controller/Prefabs/SlotPrefab_Weapons.prefab
  artifactKey: Guid(442fc7f04f7ddf549a3d7c3c2f87b219) Importer(815301076,1909f56bfc062723c751e8b465ee728b)
Start importing Assets/Manoeuvre FPS + uzAI - MEGA PACK/Manoeuvre FPS Controller/Prefabs/SlotPrefab_Weapons.prefab using Guid(442fc7f04f7ddf549a3d7c3c2f87b219) Importer(815301076,1909f56bfc062723c751e8b465ee728b)  -> (artifact id: '8ac1c5fe4f1d793fbd40505d72ebe4ed') in 0.012444 seconds 
========================================================================
Received Import Request.
  Time since last request: 18.660655 seconds.
  path: Assets/Manoeuvre FPS + uzAI - MEGA PACK/Manoeuvre FPS Controller/Resources/Prefabs
  artifactKey: Guid(0624e08b8f5e8d24e9e4540cec16b47b) Importer(815301076,1909f56bfc062723c751e8b465ee728b)
Start importing Assets/Manoeuvre FPS + uzAI - MEGA PACK/Manoeuvre FPS Controller/Resources/Prefabs using Guid(0624e08b8f5e8d24e9e4540cec16b47b) Importer(815301076,1909f56bfc062723c751e8b465ee728b)  -> (artifact id: '05b837318a77b8a495b73670b6ad0690') in 0.004694 seconds 
========================================================================
Received Import Request.
  Time since last request: 0.036997 seconds.
  path: Assets/Manoeuvre FPS + uzAI - MEGA PACK/Manoeuvre FPS Controller/Resources/Prefabs/Item-Throwable.prefab
  artifactKey: Guid(bde65bc1599245d4aa81485077dfe27d) Importer(815301076,1909f56bfc062723c751e8b465ee728b)
Start importing Assets/Manoeuvre FPS + uzAI - MEGA PACK/Manoeuvre FPS Controller/Resources/Prefabs/Item-Throwable.prefab using Guid(bde65bc1599245d4aa81485077dfe27d) Importer(815301076,1909f56bfc062723c751e8b465ee728b)  -> (artifact id: '554164542a47d59ddd3448f561b8db9d') in 0.016528 seconds 
========================================================================
Received Import Request.
  Time since last request: 0.000241 seconds.
  path: Assets/Manoeuvre FPS + uzAI - MEGA PACK/Manoeuvre FPS Controller/Resources/Prefabs/MeleeWeapon.prefab
  artifactKey: Guid(cfa0fa145712c1040a3e3d4ee936bb3a) Importer(815301076,1909f56bfc062723c751e8b465ee728b)
Start importing Assets/Manoeuvre FPS + uzAI - MEGA PACK/Manoeuvre FPS Controller/Resources/Prefabs/MeleeWeapon.prefab using Guid(cfa0fa145712c1040a3e3d4ee936bb3a) Importer(815301076,1909f56bfc062723c751e8b465ee728b)  -> (artifact id: 'a8936bcc45cd8d014e2cb0bac4904355') in 0.015468 seconds 
========================================================================
Received Import Request.
  Time since last request: 0.000244 seconds.
  path: Assets/Manoeuvre FPS + uzAI - MEGA PACK/Manoeuvre FPS Controller/Resources/Prefabs/ShooterWeapon.prefab
  artifactKey: Guid(60a98d837df97bc40ad8dd09b46f4dff) Importer(815301076,1909f56bfc062723c751e8b465ee728b)
Start importing Assets/Manoeuvre FPS + uzAI - MEGA PACK/Manoeuvre FPS Controller/Resources/Prefabs/ShooterWeapon.prefab using Guid(60a98d837df97bc40ad8dd09b46f4dff) Importer(815301076,1909f56bfc062723c751e8b465ee728b)  -> (artifact id: '12f36c6344b3ce6452034e50c11a0b0b') in 0.017118 seconds 
========================================================================
Received Import Request.
  Time since last request: 0.000222 seconds.
  path: Assets/Manoeuvre FPS + uzAI - MEGA PACK/Manoeuvre FPS Controller/Resources/Prefabs/Powerup_Pickup.prefab
  artifactKey: Guid(800dd3a36b887d24bb5b4409b0ddd3e5) Importer(815301076,1909f56bfc062723c751e8b465ee728b)
Start importing Assets/Manoeuvre FPS + uzAI - MEGA PACK/Manoeuvre FPS Controller/Resources/Prefabs/Powerup_Pickup.prefab using Guid(800dd3a36b887d24bb5b4409b0ddd3e5) Importer(815301076,1909f56bfc062723c751e8b465ee728b)  -> (artifact id: '064644771e142bcb4e2d17f0c84df880') in 0.025169 seconds 
========================================================================
Received Import Request.
  Time since last request: 0.000237 seconds.
  path: Assets/Manoeuvre FPS + uzAI - MEGA PACK/Manoeuvre FPS Controller/Resources/Prefabs/Throwable Pickup.prefab
  artifactKey: Guid(0645ebd090205274da41492b7eaebfea) Importer(815301076,1909f56bfc062723c751e8b465ee728b)
Start importing Assets/Manoeuvre FPS + uzAI - MEGA PACK/Manoeuvre FPS Controller/Resources/Prefabs/Throwable Pickup.prefab using Guid(0645ebd090205274da41492b7eaebfea) Importer(815301076,1909f56bfc062723c751e8b465ee728b)  -> (artifact id: '7129f053f731ae87a4bce443d5eeca97') in 0.011816 seconds 
========================================================================
Received Import Request.
  Time since last request: 0.865228 seconds.
  path: Assets/Manoeuvre FPS + uzAI - MEGA PACK/Manoeuvre FPS Controller/Resources/Prefabs/ThrowableWeapon.prefab
  artifactKey: Guid(cb3042cfce2484f4aa02678837c3e61c) Importer(815301076,1909f56bfc062723c751e8b465ee728b)
Start importing Assets/Manoeuvre FPS + uzAI - MEGA PACK/Manoeuvre FPS Controller/Resources/Prefabs/ThrowableWeapon.prefab using Guid(cb3042cfce2484f4aa02678837c3e61c) Importer(815301076,1909f56bfc062723c751e8b465ee728b)  -> (artifact id: 'b6fc42918868214050de38fb8c027f00') in 0.009162 seconds 
========================================================================
Received Import Request.
  Time since last request: 11.094952 seconds.
  path: Assets/Manoeuvre FPS + uzAI - MEGA PACK/Manoeuvre FPS Controller/Resources/Prefabs/Weapon_Pickup.prefab
  artifactKey: Guid(aff9d7645f6a30e488ba757547a3e365) Importer(815301076,1909f56bfc062723c751e8b465ee728b)
Start importing Assets/Manoeuvre FPS + uzAI - MEGA PACK/Manoeuvre FPS Controller/Resources/Prefabs/Weapon_Pickup.prefab using Guid(aff9d7645f6a30e488ba757547a3e365) Importer(815301076,1909f56bfc062723c751e8b465ee728b)  -> (artifact id: '0c610c8fa0bdbe0fe20db85ce4ab5832') in 0.030304 seconds 
========================================================================
Received Import Request.
  Time since last request: 5.709373 seconds.
  path: Assets/Manoeuvre FPS + uzAI - MEGA PACK/Manoeuvre FPS Controller/Resources/EditorContent/Barricades-icon.png
  artifactKey: Guid(27127d4b90f9b3d4aa3f3ad26d052160) Importer(815301076,1909f56bfc062723c751e8b465ee728b)
Start importing Assets/Manoeuvre FPS + uzAI - MEGA PACK/Manoeuvre FPS Controller/Resources/EditorContent/Barricades-icon.png using Guid(27127d4b90f9b3d4aa3f3ad26d052160) Importer(815301076,1909f56bfc062723c751e8b465ee728b)  -> (artifact id: '8abde8fbf935194534ebe8af0cdf5218') in 0.205246 seconds 
========================================================================
Received Import Request.
  Time since last request: 0.000226 seconds.
  path: Assets/Manoeuvre FPS + uzAI - MEGA PACK/Manoeuvre FPS Controller/Resources/EditorContent/Dialogues-icon.png
  artifactKey: Guid(cf1402f5180cd8848b9a8c8f8301b86a) Importer(815301076,1909f56bfc062723c751e8b465ee728b)
Start importing Assets/Manoeuvre FPS + uzAI - MEGA PACK/Manoeuvre FPS Controller/Resources/EditorContent/Dialogues-icon.png using Guid(cf1402f5180cd8848b9a8c8f8301b86a) Importer(815301076,1909f56bfc062723c751e8b465ee728b)  -> (artifact id: '6c4c8103b62cdc0b3b5e09b17313f403') in 0.043043 seconds 
========================================================================
Received Import Request.
  Time since last request: 0.000195 seconds.
  path: Assets/Manoeuvre FPS + uzAI - MEGA PACK/Manoeuvre FPS Controller/Resources/EditorContent/Destructible-icon.png
  artifactKey: Guid(40dcda14f0a8cb24b8c25d37254d332f) Importer(815301076,1909f56bfc062723c751e8b465ee728b)
Start importing Assets/Manoeuvre FPS + uzAI - MEGA PACK/Manoeuvre FPS Controller/Resources/EditorContent/Destructible-icon.png using Guid(40dcda14f0a8cb24b8c25d37254d332f) Importer(815301076,1909f56bfc062723c751e8b465ee728b)  -> (artifact id: '676a1a8ac95760705cbc40d41a1cf79d') in 0.025563 seconds 
========================================================================
Received Import Request.
  Time since last request: 0.000260 seconds.
  path: Assets/Manoeuvre FPS + uzAI - MEGA PACK/Manoeuvre FPS Controller/Resources/EditorContent/Camera-icon.png
  artifactKey: Guid(24ad107531e18b14fac2e46cffe213ec) Importer(815301076,1909f56bfc062723c751e8b465ee728b)
Start importing Assets/Manoeuvre FPS + uzAI - MEGA PACK/Manoeuvre FPS Controller/Resources/EditorContent/Camera-icon.png using Guid(24ad107531e18b14fac2e46cffe213ec) Importer(815301076,1909f56bfc062723c751e8b465ee728b)  -> (artifact id: '00592bb104aecddd55e947aaf51e18a3') in 0.024369 seconds 
========================================================================
Received Import Request.
  Time since last request: 0.000226 seconds.
  path: Assets/Manoeuvre FPS + uzAI - MEGA PACK/Manoeuvre FPS Controller/Resources/EditorContent/Controller-icon.png
  artifactKey: Guid(5c59bee3e93ab58419451f2c94a3345d) Importer(815301076,1909f56bfc062723c751e8b465ee728b)
Start importing Assets/Manoeuvre FPS + uzAI - MEGA PACK/Manoeuvre FPS Controller/Resources/EditorContent/Controller-icon.png using Guid(5c59bee3e93ab58419451f2c94a3345d) Importer(815301076,1909f56bfc062723c751e8b465ee728b)  -> (artifact id: '22f2ff495e45c7de408860f2fd0eff7b') in 0.023941 seconds 
========================================================================
Received Import Request.
  Time since last request: 0.610655 seconds.
  path: Assets/Manoeuvre FPS + uzAI - MEGA PACK/Manoeuvre FPS Controller/Resources/EditorContent/AmmoManager-icon.png
  artifactKey: Guid(b609ebf6fe2af7e44adebe28b469cd13) Importer(815301076,1909f56bfc062723c751e8b465ee728b)
Start importing Assets/Manoeuvre FPS + uzAI - MEGA PACK/Manoeuvre FPS Controller/Resources/EditorContent/AmmoManager-icon.png using Guid(b609ebf6fe2af7e44adebe28b469cd13) Importer(815301076,1909f56bfc062723c751e8b465ee728b)  -> (artifact id: 'b65aa0ddd38b8ff0e9870202e82d2555') in 0.042770 seconds 
========================================================================
Received Import Request.
  Time since last request: 2.298203 seconds.
  path: Assets/Manoeuvre FPS + uzAI - MEGA PACK/Manoeuvre FPS Controller/Resources/EditorContent/Controller
  artifactKey: Guid(6d56eb52277773e45b3694ab5d6cbb54) Importer(815301076,1909f56bfc062723c751e8b465ee728b)
Start importing Assets/Manoeuvre FPS + uzAI - MEGA PACK/Manoeuvre FPS Controller/Resources/EditorContent/Controller using Guid(6d56eb52277773e45b3694ab5d6cbb54) Importer(815301076,1909f56bfc062723c751e8b465ee728b)  -> (artifact id: '911d6f7e5eabb9cfb3b16502ee41ec6c') in 0.009753 seconds 
========================================================================
Received Import Request.
  Time since last request: 0.047885 seconds.
  path: Assets/Manoeuvre FPS + uzAI - MEGA PACK/Manoeuvre FPS Controller/Resources/EditorContent/Controller/GameController.prefab
  artifactKey: Guid(2c74f2a897602894caf625cc55e2e5a7) Importer(815301076,1909f56bfc062723c751e8b465ee728b)
Start importing Assets/Manoeuvre FPS + uzAI - MEGA PACK/Manoeuvre FPS Controller/Resources/EditorContent/Controller/GameController.prefab using Guid(2c74f2a897602894caf625cc55e2e5a7) Importer(815301076,1909f56bfc062723c751e8b465ee728b)  -> (artifact id: '00fa402cdb784d353be7afc0e8212763') in 0.043698 seconds 
========================================================================
Received Import Request.
  Time since last request: 0.000166 seconds.
  path: Assets/Manoeuvre FPS + uzAI - MEGA PACK/Manoeuvre FPS Controller/Resources/EditorContent/Controller/Manoeuvre FPS Rig Animated Weapons.prefab
  artifactKey: Guid(e99bc55425144974c86bd7318bb6c28d) Importer(815301076,1909f56bfc062723c751e8b465ee728b)
Start importing Assets/Manoeuvre FPS + uzAI - MEGA PACK/Manoeuvre FPS Controller/Resources/EditorContent/Controller/Manoeuvre FPS Rig Animated Weapons.prefab using Guid(e99bc55425144974c86bd7318bb6c28d) Importer(815301076,1909f56bfc062723c751e8b465ee728b)  -> (artifact id: '81319f7e407db1eda55365764dfd60aa') in 0.130560 seconds 
========================================================================
Received Import Request.
  Time since last request: 0.000216 seconds.
  path: Assets/Manoeuvre FPS + uzAI - MEGA PACK/Manoeuvre FPS Controller/Resources/EditorContent/Controller/UICamera.prefab
  artifactKey: Guid(876b478616f46b240a4f9edb9ab1c091) Importer(815301076,1909f56bfc062723c751e8b465ee728b)
Start importing Assets/Manoeuvre FPS + uzAI - MEGA PACK/Manoeuvre FPS Controller/Resources/EditorContent/Controller/UICamera.prefab using Guid(876b478616f46b240a4f9edb9ab1c091) Importer(815301076,1909f56bfc062723c751e8b465ee728b)  -> (artifact id: 'c513b25e9d34138135d372cd72575d6c') in 0.037125 seconds 
========================================================================
Received Import Request.
  Time since last request: 0.000212 seconds.
  path: Assets/Manoeuvre FPS + uzAI - MEGA PACK/Manoeuvre FPS Controller/Resources/EditorContent/Controller/Manoeuvre FPS Rig.prefab
  artifactKey: Guid(e8b37c0fc2123544f894ba2977042128) Importer(815301076,1909f56bfc062723c751e8b465ee728b)
Start importing Assets/Manoeuvre FPS + uzAI - MEGA PACK/Manoeuvre FPS Controller/Resources/EditorContent/Controller/Manoeuvre FPS Rig.prefab using Guid(e8b37c0fc2123544f894ba2977042128) Importer(815301076,1909f56bfc062723c751e8b465ee728b)  -> (artifact id: 'f6bc3f5401f8842e8b31f547f294dc84') in 0.025407 seconds 
========================================================================
Received Import Request.
  Time since last request: 18.775275 seconds.
  path: Assets/Manoeuvre FPS + uzAI - MEGA PACK/Manoeuvre FPS Controller/Scenes/02. Manoeuvre FPS - Weapons
  artifactKey: Guid(5514d9ca0c65aaa489f2fc8340242a03) Importer(815301076,1909f56bfc062723c751e8b465ee728b)
Start importing Assets/Manoeuvre FPS + uzAI - MEGA PACK/Manoeuvre FPS Controller/Scenes/02. Manoeuvre FPS - Weapons using Guid(5514d9ca0c65aaa489f2fc8340242a03) Importer(815301076,1909f56bfc062723c751e8b465ee728b)  -> (artifact id: 'aa6236a46b82de6431c1fdf3866cbb27') in 0.010362 seconds 
========================================================================
Received Import Request.
  Time since last request: 0.058822 seconds.
  path: Assets/Manoeuvre FPS + uzAI - MEGA PACK/Manoeuvre FPS Controller/Scenes/02. Manoeuvre FPS - Weapons/LightingData.asset
  artifactKey: Guid(95ccc882f5893584c8fe8d67804bc87c) Importer(815301076,1909f56bfc062723c751e8b465ee728b)
Start importing Assets/Manoeuvre FPS + uzAI - MEGA PACK/Manoeuvre FPS Controller/Scenes/02. Manoeuvre FPS - Weapons/LightingData.asset using Guid(95ccc882f5893584c8fe8d67804bc87c) Importer(815301076,1909f56bfc062723c751e8b465ee728b) Lighting data asset ‘LightingData’ is incompatible with the current Unity version. Please use Generate Lighting to rebuild the lighting data.  Realtime Global Illumination cannot be used until the lighting data is rebuilt.
 -> (artifact id: '8d7888d50aa115ecb357076e70653ef6') in 0.039152 seconds 
========================================================================
Received Import Request.
  Time since last request: 0.000185 seconds.
  path: Assets/Manoeuvre FPS + uzAI - MEGA PACK/Manoeuvre FPS Controller/Scenes/02. Manoeuvre FPS - Weapons/ReflectionProbe-0.exr
  artifactKey: Guid(ef054f5046ebd394eb62993c8378c2cd) Importer(815301076,1909f56bfc062723c751e8b465ee728b)
Start importing Assets/Manoeuvre FPS + uzAI - MEGA PACK/Manoeuvre FPS Controller/Scenes/02. Manoeuvre FPS - Weapons/ReflectionProbe-0.exr using Guid(ef054f5046ebd394eb62993c8378c2cd) Importer(815301076,1909f56bfc062723c751e8b465ee728b)  -> (artifact id: 'a563ac0f5aef7d854c5b387e1c6a3882') in 0.091734 seconds 
========================================================================
Received Import Request.
  Time since last request: 5.615169 seconds.
  path: Assets/Manoeuvre FPS + uzAI - MEGA PACK/Manoeuvre FPS Controller/Scenes/05. Manoeuvre FPS - Destructible Props.unity
  artifactKey: Guid(ce3b6b8dd7a44d648a965720fee12f38) Importer(815301076,1909f56bfc062723c751e8b465ee728b)
Start importing Assets/Manoeuvre FPS + uzAI - MEGA PACK/Manoeuvre FPS Controller/Scenes/05. Manoeuvre FPS - Destructible Props.unity using Guid(ce3b6b8dd7a44d648a965720fee12f38) Importer(815301076,1909f56bfc062723c751e8b465ee728b)  -> (artifact id: '7a740a052d007a4e0a6b2b079ad96410') in 0.010820 seconds 
========================================================================
Received Import Request.
  Time since last request: 7.876491 seconds.
  path: Assets/Manoeuvre FPS + uzAI - MEGA PACK/Manoeuvre FPS Controller/Scenes/06. Manoeuvre FPS - Fall Damage.unity
  artifactKey: Guid(c30ba0ed0a0e73b409d3866e6d3787b7) Importer(815301076,1909f56bfc062723c751e8b465ee728b)
Start importing Assets/Manoeuvre FPS + uzAI - MEGA PACK/Manoeuvre FPS Controller/Scenes/06. Manoeuvre FPS - Fall Damage.unity using Guid(c30ba0ed0a0e73b409d3866e6d3787b7) Importer(815301076,1909f56bfc062723c751e8b465ee728b)  -> (artifact id: '0885beaa09c2a728a0838a1f1db535a3') in 0.008306 seconds 
========================================================================
Received Import Request.
  Time since last request: 5.356804 seconds.
  path: Assets/Manoeuvre FPS + uzAI - MEGA PACK/Manoeuvre FPS Controller/Scenes/07. Manoeuvre FPS - Dynamic Barricades.unity
  artifactKey: Guid(3466551510258e647b1e2418a7afe7ce) Importer(815301076,1909f56bfc062723c751e8b465ee728b)
Start importing Assets/Manoeuvre FPS + uzAI - MEGA PACK/Manoeuvre FPS Controller/Scenes/07. Manoeuvre FPS - Dynamic Barricades.unity using Guid(3466551510258e647b1e2418a7afe7ce) Importer(815301076,1909f56bfc062723c751e8b465ee728b)  -> (artifact id: '7b9ff8a3639e01a4df99231b154b3d07') in 0.008983 seconds 
========================================================================
Received Import Request.
  Time since last request: 21.131906 seconds.
  path: Assets/Manoeuvre FPS + uzAI - MEGA PACK/Manoeuvre FPS Controller/Scenes/08. Manoeuvre FPS - Turret.unity
  artifactKey: Guid(750533fba75efbe47b18c69a686d8d06) Importer(815301076,1909f56bfc062723c751e8b465ee728b)
Start importing Assets/Manoeuvre FPS + uzAI - MEGA PACK/Manoeuvre FPS Controller/Scenes/08. Manoeuvre FPS - Turret.unity using Guid(750533fba75efbe47b18c69a686d8d06) Importer(815301076,1909f56bfc062723c751e8b465ee728b)  -> (artifact id: '6260b50c2c5124560597ca557cfd23b7') in 0.012149 seconds 
========================================================================
Received Import Request.
  Time since last request: 205.125669 seconds.
  path: Assets/Manoeuvre FPS + uzAI - MEGA PACK/Manoeuvre FPS Controller/Resources/EditorContent/manoeuvre_Logo_l.png
  artifactKey: Guid(c2cf24c50991dfa419d3a1c72310f9cb) Importer(815301076,1909f56bfc062723c751e8b465ee728b)
Start importing Assets/Manoeuvre FPS + uzAI - MEGA PACK/Manoeuvre FPS Controller/Resources/EditorContent/manoeuvre_Logo_l.png using Guid(c2cf24c50991dfa419d3a1c72310f9cb) Importer(815301076,1909f56bfc062723c751e8b465ee728b)  -> (artifact id: 'a907e93a8f96670dd5c7ccf2a0430488') in 0.034229 seconds 
========================================================================
Received Import Request.
  Time since last request: 0.031316 seconds.
  path: Assets/Manoeuvre FPS + uzAI - MEGA PACK/Manoeuvre FPS Controller/Resources/EditorContent/manoeuvre_Logo_sm.png
  artifactKey: Guid(0a023ae86d89a8b46ac9b4b38693a03e) Importer(815301076,1909f56bfc062723c751e8b465ee728b)
Start importing Assets/Manoeuvre FPS + uzAI - MEGA PACK/Manoeuvre FPS Controller/Resources/EditorContent/manoeuvre_Logo_sm.png using Guid(0a023ae86d89a8b46ac9b4b38693a03e) Importer(815301076,1909f56bfc062723c751e8b465ee728b)  -> (artifact id: 'a15afc52dfde96b8e3a331a4a92dab77') in 0.032840 seconds 
========================================================================
Received Import Request.
  Time since last request: 0.031849 seconds.
  path: Assets/Manoeuvre FPS + uzAI - MEGA PACK/Manoeuvre FPS Controller/Main Menu/Main Menu Icons/SceneSprite_Manoeuvre FPS.png
  artifactKey: Guid(4e706a7ee0dbc5b4da5f96ad8bcd03a0) Importer(815301076,1909f56bfc062723c751e8b465ee728b)
Start importing Assets/Manoeuvre FPS + uzAI - MEGA PACK/Manoeuvre FPS Controller/Main Menu/Main Menu Icons/SceneSprite_Manoeuvre FPS.png using Guid(4e706a7ee0dbc5b4da5f96ad8bcd03a0) Importer(815301076,1909f56bfc062723c751e8b465ee728b)  -> (artifact id: 'b4d7d68a399f8b25c27bf1a9e15e3fb8') in 0.030636 seconds 
========================================================================
Received Import Request.
  Time since last request: 0.174612 seconds.
  path: Assets/Manoeuvre FPS + uzAI - MEGA PACK/Manoeuvre FPS Controller/Resources/EditorContent/WeaponProceduralManoeuvre-icon.png
  artifactKey: Guid(cdff485b29ffa7949a8abd378638ee51) Importer(815301076,1909f56bfc062723c751e8b465ee728b)
Start importing Assets/Manoeuvre FPS + uzAI - MEGA PACK/Manoeuvre FPS Controller/Resources/EditorContent/WeaponProceduralManoeuvre-icon.png using Guid(cdff485b29ffa7949a8abd378638ee51) Importer(815301076,1909f56bfc062723c751e8b465ee728b)  -> (artifact id: 'e830455f0579da2b65f5a1419f787b7b') in 0.028360 seconds 
========================================================================
Received Import Request.
  Time since last request: 140.070901 seconds.
  path: Assets/Manoeuvre FPS + uzAI - MEGA PACK/Standard Assets/Unity - Tower Defense Demo Content/Particles/Prefabs/BuildPfx.prefab
  artifactKey: Guid(c559c1920b5d04e6d83aa4464fba5c68) Importer(815301076,1909f56bfc062723c751e8b465ee728b)
Start importing Assets/Manoeuvre FPS + uzAI - MEGA PACK/Standard Assets/Unity - Tower Defense Demo Content/Particles/Prefabs/BuildPfx.prefab using Guid(c559c1920b5d04e6d83aa4464fba5c68) Importer(815301076,1909f56bfc062723c751e8b465ee728b)  -> (artifact id: '3fa01cad60c617ba58657d3385380f87') in 0.082063 seconds 
========================================================================
Received Import Request.
  Time since last request: 0.155258 seconds.
  path: Assets/Manoeuvre FPS + uzAI - MEGA PACK/Standard Assets/Unity - Stealth Tut/Materials/char_cyberKid_suit_mat.mat
  artifactKey: Guid(df28c0bfcc5d6e54a8dd0af16009a50e) Importer(815301076,1909f56bfc062723c751e8b465ee728b)
Start importing Assets/Manoeuvre FPS + uzAI - MEGA PACK/Standard Assets/Unity - Stealth Tut/Materials/char_cyberKid_suit_mat.mat using Guid(df28c0bfcc5d6e54a8dd0af16009a50e) Importer(815301076,1909f56bfc062723c751e8b465ee728b)  -> (artifact id: 'e7320cdfe4f156c0ad12575e079d30bf') in 0.306725 seconds 
========================================================================
Received Import Request.
  Time since last request: 0.000284 seconds.
  path: Assets/Manoeuvre FPS + uzAI - MEGA PACK/Manoeuvre FPS Controller/Audio SFX/Basic Weapon SFX/EquipSound2.mp3
  artifactKey: Guid(310a69901c9ece84faf3b1dca5712373) Importer(815301076,1909f56bfc062723c751e8b465ee728b)
Start importing Assets/Manoeuvre FPS + uzAI - MEGA PACK/Manoeuvre FPS Controller/Audio SFX/Basic Weapon SFX/EquipSound2.mp3 using Guid(310a69901c9ece84faf3b1dca5712373) Importer(815301076,1909f56bfc062723c751e8b465ee728b)  -> (artifact id: '809a02a4e22bd2fb6bd0543329db1089') in 0.066551 seconds 
========================================================================
Received Import Request.
  Time since last request: 0.000201 seconds.
  path: Assets/TextMesh Pro/Examples & Extras/Textures/Fruit Jelly (B&W).jpg
  artifactKey: Guid(1cdc5b506b1a4a33a53c30669ced1f51) Importer(815301076,1909f56bfc062723c751e8b465ee728b)
Start importing Assets/TextMesh Pro/Examples & Extras/Textures/Fruit Jelly (B&W).jpg using Guid(1cdc5b506b1a4a33a53c30669ced1f51) Importer(815301076,1909f56bfc062723c751e8b465ee728b)  -> (artifact id: '8f35fe619262576d87a7be15bf20aa41') in 0.029780 seconds 
========================================================================
Received Import Request.
  Time since last request: 0.000283 seconds.
  path: Assets/Manoeuvre FPS + uzAI - MEGA PACK/Manoeuvre FPS Controller/Audio SFX/Basic Weapon SFX/EquipSound.mp3
  artifactKey: Guid(89af651cbae2b2744941e37e976595ae) Importer(815301076,1909f56bfc062723c751e8b465ee728b)
Start importing Assets/Manoeuvre FPS + uzAI - MEGA PACK/Manoeuvre FPS Controller/Audio SFX/Basic Weapon SFX/EquipSound.mp3 using Guid(89af651cbae2b2744941e37e976595ae) Importer(815301076,1909f56bfc062723c751e8b465ee728b)  -> (artifact id: '4733dacf4c66d402af4b4f9da2cc6d52') in 0.032148 seconds 
========================================================================
Received Import Request.
  Time since last request: 0.000242 seconds.
  path: Assets/Manoeuvre FPS + uzAI - MEGA PACK/Standard Assets/Unity - Stealth Tut/Materials/char_robotGuard_suit_mat.mat
  artifactKey: Guid(baff1f4726b6b85418ebb43554ca1c98) Importer(815301076,1909f56bfc062723c751e8b465ee728b)
Start importing Assets/Manoeuvre FPS + uzAI - MEGA PACK/Standard Assets/Unity - Stealth Tut/Materials/char_robotGuard_suit_mat.mat using Guid(baff1f4726b6b85418ebb43554ca1c98) Importer(815301076,1909f56bfc062723c751e8b465ee728b)  -> (artifact id: 'aa3f112886f1678bf0fce17051c66481') in 0.050247 seconds 
========================================================================
Received Import Request.
  Time since last request: 1.445616 seconds.
  path: Assets/SlimUI/Modern Menu 1/Graphics/Icons/SlimUI_Logo_2048x2048.png
  artifactKey: Guid(6cdeb285c53ee524b86704268680bc8c) Importer(815301076,1909f56bfc062723c751e8b465ee728b)
Start importing Assets/SlimUI/Modern Menu 1/Graphics/Icons/SlimUI_Logo_2048x2048.png using Guid(6cdeb285c53ee524b86704268680bc8c) Importer(815301076,1909f56bfc062723c751e8b465ee728b)  -> (artifact id: 'b94b35156bfe446a577c079876c93a02') in 0.053877 seconds 
========================================================================
Received Import Request.
  Time since last request: 0.518436 seconds.
  path: Assets/TextMesh Pro/Examples & Extras/Textures/Text Overflow - Linked Text UI Screenshot.png
  artifactKey: Guid(c76d18757a194d618355f05f815cb0a1) Importer(815301076,1909f56bfc062723c751e8b465ee728b)
Start importing Assets/TextMesh Pro/Examples & Extras/Textures/Text Overflow - Linked Text UI Screenshot.png using Guid(c76d18757a194d618355f05f815cb0a1) Importer(815301076,1909f56bfc062723c751e8b465ee728b)  -> (artifact id: 'f5d785017ec57c0f92741d9574ede7a0') in 0.029011 seconds 
========================================================================
Received Import Request.
  Time since last request: 18.624627 seconds.
  path: Assets/Manoeuvre FPS + uzAI - MEGA PACK/Standard Assets/Unity - Interactive Tut/Audio/GameplayMixer.mixer
  artifactKey: Guid(33bc843066e6b4af98c5b075f189513f) Importer(815301076,1909f56bfc062723c751e8b465ee728b)
Start importing Assets/Manoeuvre FPS + uzAI - MEGA PACK/Standard Assets/Unity - Interactive Tut/Audio/GameplayMixer.mixer using Guid(33bc843066e6b4af98c5b075f189513f) Importer(815301076,1909f56bfc062723c751e8b465ee728b)  -> (artifact id: '344ffe12e042fdd5b4227c6a90b36a90') in 0.048173 seconds 
========================================================================
Received Import Request.
  Time since last request: 2.627520 seconds.
  path: Assets/Manoeuvre FPS + uzAI - MEGA PACK/Manoeuvre FPS Controller/Resources/EditorContent/GameOver-icon.png
  artifactKey: Guid(55c230fa2332dfc41bda89b59a5a63d9) Importer(815301076,1909f56bfc062723c751e8b465ee728b)
Start importing Assets/Manoeuvre FPS + uzAI - MEGA PACK/Manoeuvre FPS Controller/Resources/EditorContent/GameOver-icon.png using Guid(55c230fa2332dfc41bda89b59a5a63d9) Importer(815301076,1909f56bfc062723c751e8b465ee728b)  -> (artifact id: '04068b80702eb870748502ed3719c4a1') in 0.017155 seconds 
========================================================================
Received Import Request.
  Time since last request: 0.251043 seconds.
  path: Assets/Manoeuvre FPS + uzAI - MEGA PACK/Standard Assets/Unity - Interactive Tut/Prefabs/GameController.prefab
  artifactKey: Guid(376c4c9a785e94eab9deab1fa47f4850) Importer(815301076,1909f56bfc062723c751e8b465ee728b)
Start importing Assets/Manoeuvre FPS + uzAI - MEGA PACK/Standard Assets/Unity - Interactive Tut/Prefabs/GameController.prefab using Guid(376c4c9a785e94eab9deab1fa47f4850) Importer(815301076,1909f56bfc062723c751e8b465ee728b)  -> (artifact id: '56c4f62ea11b57a89c2a8cba334e0ce8') in 0.009498 seconds 
========================================================================
Received Import Request.
  Time since last request: 0.082775 seconds.
  path: Assets/Manoeuvre FPS + uzAI - MEGA PACK/Standard Assets/Unity - Tower Defense Demo Content/Audio/Music/Game Music.mp3
  artifactKey: Guid(6ce6d7c4d4f6140f68d2c18955f02e8c) Importer(815301076,1909f56bfc062723c751e8b465ee728b)
Start importing Assets/Manoeuvre FPS + uzAI - MEGA PACK/Standard Assets/Unity - Tower Defense Demo Content/Audio/Music/Game Music.mp3 using Guid(6ce6d7c4d4f6140f68d2c18955f02e8c) Importer(815301076,1909f56bfc062723c751e8b465ee728b)  -> (artifact id: '8390e522ec4cba9513e03ac2e499ced9') in 0.014652 seconds 
========================================================================
Received Import Request.
  Time since last request: 0.198745 seconds.
  path: Assets/Manoeuvre FPS + uzAI - MEGA PACK/Standard Assets/Unity - Stealth Tut/Audio/endgame.ogg
  artifactKey: Guid(3c77607d75e1d9e44a5f856caf15a81b) Importer(815301076,1909f56bfc062723c751e8b465ee728b)
Start importing Assets/Manoeuvre FPS + uzAI - MEGA PACK/Standard Assets/Unity - Stealth Tut/Audio/endgame.ogg using Guid(3c77607d75e1d9e44a5f856caf15a81b) Importer(815301076,1909f56bfc062723c751e8b465ee728b)  -> (artifact id: 'dee29d171486f6c439635b66594cb075') in 0.022464 seconds 
========================================================================
Received Import Request.
  Time since last request: 78.578890 seconds.
  path: Assets/Manoeuvre FPS + uzAI - MEGA PACK/Manoeuvre FPS Controller/Main Menu/Scenes
  artifactKey: Guid(869871c1961500043a33fdeb248fddcb) Importer(815301076,1909f56bfc062723c751e8b465ee728b)
Start importing Assets/Manoeuvre FPS + uzAI - MEGA PACK/Manoeuvre FPS Controller/Main Menu/Scenes using Guid(869871c1961500043a33fdeb248fddcb) Importer(815301076,1909f56bfc062723c751e8b465ee728b)  -> (artifact id: 'f8a23f0019660b9b56faa2c3518757db') in 0.007725 seconds 
========================================================================
Received Import Request.
  Time since last request: 15.611635 seconds.
  path: Assets/Manoeuvre FPS + uzAI - MEGA PACK/Manoeuvre FPS Controller
  artifactKey: Guid(e949ef5a596052547b79eec338189e40) Importer(815301076,1909f56bfc062723c751e8b465ee728b)
Start importing Assets/Manoeuvre FPS + uzAI - MEGA PACK/Manoeuvre FPS Controller using Guid(e949ef5a596052547b79eec338189e40) Importer(815301076,1909f56bfc062723c751e8b465ee728b)  -> (artifact id: '9a0e737bcd145c9da5f1f6d683e73788') in 0.010493 seconds 
========================================================================
Received Prepare
Registering precompiled user dll's ...
Registered in 0.005268 seconds.
Begin MonoManager ReloadAssembly
Native extension for WindowsStandalone target not found
Refreshing native plugins compatible for Editor in 0.58 ms, found 2 plugins.
Preloading 0 native plugins for Editor in 0.00 ms.
Mono: successfully reloaded assembly
- Completed reload, in  1.340 seconds
Domain Reload Profiling:
	ReloadAssembly (1340ms)
		BeginReloadAssembly (133ms)
			ExecutionOrderSort (0ms)
			DisableScriptedObjects (4ms)
			BackupInstance (0ms)
			ReleaseScriptingObjects (0ms)
			CreateAndSetChildDomain (47ms)
		EndReloadAssembly (1138ms)
			LoadAssemblies (108ms)
			RebuildTransferFunctionScriptingTraits (0ms)
			SetupTypeCache (339ms)
			ReleaseScriptCaches (1ms)
			RebuildScriptCaches (49ms)
			SetupLoadedEditorAssemblies (521ms)
				LogAssemblyErrors (0ms)
				InitializePlatformSupportModulesInManaged (5ms)
				SetLoadedEditorAssemblies (1ms)
				RefreshPlugins (1ms)
				BeforeProcessingInitializeOnLoad (103ms)
				ProcessInitializeOnLoadAttributes (399ms)
				ProcessInitializeOnLoadMethodAttributes (11ms)
				AfterProcessingInitializeOnLoad (2ms)
				EditorAssembliesLoaded (0ms)
			ExecutionOrderSort2 (0ms)
			AwakeInstancesAfterBackupRestoration (11ms)
Platform modules already initialized, skipping
Refreshing native plugins compatible for Editor in 0.68 ms, found 2 plugins.
Preloading 0 native plugins for Editor in 0.00 ms.
Unloading 1664 Unused Serialized files (Serialized files now loaded: 0)
System memory in use before: 82.9 MB.
System memory in use after: 83.0 MB.

Unloading 17 unused Assets to reduce memory usage. Loaded Objects now: 2218.
Total: 4.256600 ms (FindLiveObjects: 0.188200 ms CreateObjectMapping: 0.050600 ms MarkObjects: 3.971200 ms  DeleteObjects: 0.045100 ms)

AssetImportParameters requested are different than current active one (requested -> active):
  custom:framework-win-MediaFoundation: 216162199b28c13a410421893ffa2e32 -> 
  custom:video-decoder-ogg-theora: a1e56fd34408186e4bbccfd4996cb3dc -> 
  custom:container-muxer-webm: aa71ff27fc2769a1b78a27578f13a17b -> 
  custom:container-demuxer-webm: 4f35f7cbe854078d1ac9338744f61a02 -> 
  custom:container-demuxer-ogg: 62fdf1f143b41e24485cea50d1cbac27 -> 
  custom:video-encoder-webm-vp8: eb34c28f22e8b96e1ab97ce403110664 -> 
  custom:video-decoder-webm-vp8: 9c59270c3fd7afecdb556c50c9e8de78 -> 
  custom:audio-decoder-ogg-vorbis: bf7c407c2cedff20999df2af8eb42d56 -> 
  custom:audio-encoder-webm-vorbis: bf7c407c2cedff20999df2af8eb42d56 -> 
========================================================================
Received Import Request.
  Time since last request: 48.714171 seconds.
  path: Assets/Manoeuvre FPS + uzAI - MEGA PACK/Manoeuvre FPS Controller/Scenes/11. Manoeuvre FPS - Companion Shooter AI.unity
  artifactKey: Guid(1c0b661a458c83a43b235200b55fbb55) Importer(815301076,1909f56bfc062723c751e8b465ee728b)
Start importing Assets/Manoeuvre FPS + uzAI - MEGA PACK/Manoeuvre FPS Controller/Scenes/11. Manoeuvre FPS - Companion Shooter AI.unity using Guid(1c0b661a458c83a43b235200b55fbb55) Importer(815301076,1909f56bfc062723c751e8b465ee728b)  -> (artifact id: 'e9e653ab347bab35cc2cc9176ff87067') in 0.017687 seconds 
========================================================================
Received Import Request.
  Time since last request: 39.040490 seconds.
  path: Assets/Manoeuvre FPS + uzAI - MEGA PACK/Manoeuvre FPS Controller/Scenes/12. Manoeuvre FPS - Enemy Shooter AI.unity
  artifactKey: Guid(a3388fe1701c5da47bcd3c224f311ad4) Importer(815301076,1909f56bfc062723c751e8b465ee728b)
Start importing Assets/Manoeuvre FPS + uzAI - MEGA PACK/Manoeuvre FPS Controller/Scenes/12. Manoeuvre FPS - Enemy Shooter AI.unity using Guid(a3388fe1701c5da47bcd3c224f311ad4) Importer(815301076,1909f56bfc062723c751e8b465ee728b)  -> (artifact id: '1989d51664ffd7673387f53410b3e205') in 0.010040 seconds 
========================================================================
Received Import Request.
  Time since last request: 19.069874 seconds.
  path: Assets/Manoeuvre FPS + uzAI - MEGA PACK/Manoeuvre FPS Controller/Scenes/13. Manoeuvre FPS - Enemy AI vs Companion AI.unity
  artifactKey: Guid(68f5d8cac6c0b1f47ab22686fe3fb49f) Importer(815301076,1909f56bfc062723c751e8b465ee728b)
Start importing Assets/Manoeuvre FPS + uzAI - MEGA PACK/Manoeuvre FPS Controller/Scenes/13. Manoeuvre FPS - Enemy AI vs Companion AI.unity using Guid(68f5d8cac6c0b1f47ab22686fe3fb49f) Importer(815301076,1909f56bfc062723c751e8b465ee728b)  -> (artifact id: '7bf09fcdcf8ef5ad34cadaf19db1696e') in 0.010430 seconds 
========================================================================
Received Import Request.
  Time since last request: 33.000060 seconds.
  path: Assets/Manoeuvre FPS + uzAI - MEGA PACK/Manoeuvre FPS Controller/Scenes/14. Manoeuvre FPS - Shooter AI vs Turret AI.unity
  artifactKey: Guid(7abef1cbee85b8f48a04d04d93291229) Importer(815301076,1909f56bfc062723c751e8b465ee728b)
Start importing Assets/Manoeuvre FPS + uzAI - MEGA PACK/Manoeuvre FPS Controller/Scenes/14. Manoeuvre FPS - Shooter AI vs Turret AI.unity using Guid(7abef1cbee85b8f48a04d04d93291229) Importer(815301076,1909f56bfc062723c751e8b465ee728b)  -> (artifact id: 'afd6dac84706b5a4ee5a89346817d491') in 0.007177 seconds 
========================================================================
Received Import Request.
  Time since last request: 8.848145 seconds.
  path: Assets/Manoeuvre FPS + uzAI - MEGA PACK/Manoeuvre FPS Controller/Scenes/16. Manoeuvre FPS - Doors Interaction.unity
  artifactKey: Guid(64026f458a3c2eb4294999e167f83e9f) Importer(815301076,1909f56bfc062723c751e8b465ee728b)
Start importing Assets/Manoeuvre FPS + uzAI - MEGA PACK/Manoeuvre FPS Controller/Scenes/16. Manoeuvre FPS - Doors Interaction.unity using Guid(64026f458a3c2eb4294999e167f83e9f) Importer(815301076,1909f56bfc062723c751e8b465ee728b)  -> (artifact id: 'c3ac9fc440fd73906bcd5b7553411293') in 0.010459 seconds 
========================================================================
Received Import Request.
  Time since last request: 11.168182 seconds.
  path: Assets/Manoeuvre FPS + uzAI - MEGA PACK/Manoeuvre FPS Controller/Scenes/17. Manoeuvre FPS - Save System.unity
  artifactKey: Guid(a74a71eed3d2ac34f9cef113da6ea7e7) Importer(815301076,1909f56bfc062723c751e8b465ee728b)
Start importing Assets/Manoeuvre FPS + uzAI - MEGA PACK/Manoeuvre FPS Controller/Scenes/17. Manoeuvre FPS - Save System.unity using Guid(a74a71eed3d2ac34f9cef113da6ea7e7) Importer(815301076,1909f56bfc062723c751e8b465ee728b)  -> (artifact id: '4e88f6ab7cf9832ab2c637c47fede80d') in 0.009843 seconds 
========================================================================
Received Prepare
Registering precompiled user dll's ...
Registered in 0.004116 seconds.
Begin MonoManager ReloadAssembly
Native extension for WindowsStandalone target not found
Refreshing native plugins compatible for Editor in 0.69 ms, found 2 plugins.
Preloading 0 native plugins for Editor in 0.00 ms.
Mono: successfully reloaded assembly
- Completed reload, in  1.267 seconds
Domain Reload Profiling:
	ReloadAssembly (1268ms)
		BeginReloadAssembly (127ms)
			ExecutionOrderSort (0ms)
			DisableScriptedObjects (6ms)
			BackupInstance (0ms)
			ReleaseScriptingObjects (0ms)
			CreateAndSetChildDomain (40ms)
		EndReloadAssembly (1072ms)
			LoadAssemblies (111ms)
			RebuildTransferFunctionScriptingTraits (0ms)
			SetupTypeCache (323ms)
			ReleaseScriptCaches (1ms)
			RebuildScriptCaches (44ms)
			SetupLoadedEditorAssemblies (485ms)
				LogAssemblyErrors (0ms)
				InitializePlatformSupportModulesInManaged (6ms)
				SetLoadedEditorAssemblies (1ms)
				RefreshPlugins (1ms)
				BeforeProcessingInitializeOnLoad (95ms)
				ProcessInitializeOnLoadAttributes (370ms)
				ProcessInitializeOnLoadMethodAttributes (9ms)
				AfterProcessingInitializeOnLoad (3ms)
				EditorAssembliesLoaded (0ms)
			ExecutionOrderSort2 (0ms)
			AwakeInstancesAfterBackupRestoration (8ms)
Platform modules already initialized, skipping
Refreshing native plugins compatible for Editor in 0.59 ms, found 2 plugins.
Preloading 0 native plugins for Editor in 0.00 ms.
Unloading 1664 Unused Serialized files (Serialized files now loaded: 0)
System memory in use before: 82.9 MB.
System memory in use after: 83.0 MB.

Unloading 12 unused Assets to reduce memory usage. Loaded Objects now: 2221.
Total: 3.346200 ms (FindLiveObjects: 0.189900 ms CreateObjectMapping: 0.051000 ms MarkObjects: 3.077500 ms  DeleteObjects: 0.026900 ms)

AssetImportParameters requested are different than current active one (requested -> active):
  custom:framework-win-MediaFoundation: 216162199b28c13a410421893ffa2e32 -> 
  custom:video-decoder-ogg-theora: a1e56fd34408186e4bbccfd4996cb3dc -> 
  custom:container-muxer-webm: aa71ff27fc2769a1b78a27578f13a17b -> 
  custom:container-demuxer-webm: 4f35f7cbe854078d1ac9338744f61a02 -> 
  custom:container-demuxer-ogg: 62fdf1f143b41e24485cea50d1cbac27 -> 
  custom:video-encoder-webm-vp8: eb34c28f22e8b96e1ab97ce403110664 -> 
  custom:video-decoder-webm-vp8: 9c59270c3fd7afecdb556c50c9e8de78 -> 
  custom:audio-decoder-ogg-vorbis: bf7c407c2cedff20999df2af8eb42d56 -> 
  custom:audio-encoder-webm-vorbis: bf7c407c2cedff20999df2af8eb42d56 -> 
AssetImportWorkerClient::OnTransportError - code=2 error=End of file
